INFO [2020-05-27 20:01:31] [[1]]
INFO [2020-05-27 20:01:31] x
INFO [2020-05-27 20:01:31] 
INFO [2020-05-27 20:01:31] $category.names
INFO [2020-05-27 20:01:31] c("Timew2pre(169)", "Timew2post (102)", "Timew12 (64)")
INFO [2020-05-27 20:01:31] 
INFO [2020-05-27 20:01:31] $filename
INFO [2020-05-27 20:01:31] NULL
INFO [2020-05-27 20:01:31] 
INFO [2020-05-27 20:01:31] $output
INFO [2020-05-27 20:01:31] [1] TRUE
INFO [2020-05-27 20:01:31] 
INFO [2020-05-27 20:01:31] $imagetype
INFO [2020-05-27 20:01:31] [1] "png"
INFO [2020-05-27 20:01:31] 
INFO [2020-05-27 20:01:31] $height
INFO [2020-05-27 20:01:31] [1] 480
INFO [2020-05-27 20:01:31] 
INFO [2020-05-27 20:01:31] $width
INFO [2020-05-27 20:01:31] [1] 480
INFO [2020-05-27 20:01:31] 
INFO [2020-05-27 20:01:31] $resolution
INFO [2020-05-27 20:01:31] [1] 300
INFO [2020-05-27 20:01:31] 
INFO [2020-05-27 20:01:31] $compression
INFO [2020-05-27 20:01:31] [1] "lzw"
INFO [2020-05-27 20:01:31] 
INFO [2020-05-27 20:01:31] $lwd
INFO [2020-05-27 20:01:31] [1] 1
INFO [2020-05-27 20:01:31] 
INFO [2020-05-27 20:01:31] $col
INFO [2020-05-27 20:01:31] c("#440154ff", "#21908dff", "#fde725ff")
INFO [2020-05-27 20:01:31] 
INFO [2020-05-27 20:01:31] $fill
INFO [2020-05-27 20:01:31] c(alpha("#440154ff", 0.3), alpha("#21908dff", 0.3), alpha("#fde725ff", 
INFO [2020-05-27 20:01:31]     0.3))
INFO [2020-05-27 20:01:31] 
INFO [2020-05-27 20:01:31] $cex
INFO [2020-05-27 20:01:31] [1] 0.5
INFO [2020-05-27 20:01:31] 
INFO [2020-05-27 20:01:31] $fontfamily
INFO [2020-05-27 20:01:31] [1] "sans"
INFO [2020-05-27 20:01:31] 
INFO [2020-05-27 20:01:31] $cat.cex
INFO [2020-05-27 20:01:31] [1] 0.3
INFO [2020-05-27 20:01:31] 
INFO [2020-05-27 20:01:31] $cat.default.pos
INFO [2020-05-27 20:01:31] [1] "outer"
INFO [2020-05-27 20:01:31] 
INFO [2020-05-27 20:01:31] $cat.pos
INFO [2020-05-27 20:01:31] c(-27, 27, 135)
INFO [2020-05-27 20:01:31] 
INFO [2020-05-27 20:01:31] $cat.dist
INFO [2020-05-27 20:01:31] c(0.055, 0.055, 0.085)
INFO [2020-05-27 20:01:31] 
INFO [2020-05-27 20:01:31] $cat.fontfamily
INFO [2020-05-27 20:01:31] [1] "sans"
INFO [2020-05-27 20:01:31] 
INFO [2020-05-27 20:01:31] $cat.col
INFO [2020-05-27 20:01:31] c("#440154ff", "#21908dff", "#fde725ff")
INFO [2020-05-27 20:01:31] 
INFO [2020-05-27 20:01:31] $rotation
INFO [2020-05-27 20:01:31] [1] 1
INFO [2020-05-27 20:01:31] 
