INFO [2020-05-27 20:00:35] [[1]]
INFO [2020-05-27 20:00:35] x
INFO [2020-05-27 20:00:35] 
INFO [2020-05-27 20:00:35] $category.names
INFO [2020-05-27 20:00:35] c("Timew2pre(169)", "Timew2post (102)", "Timew12 (64)")
INFO [2020-05-27 20:00:35] 
INFO [2020-05-27 20:00:35] $filename
INFO [2020-05-27 20:00:35] NULL
INFO [2020-05-27 20:00:35] 
INFO [2020-05-27 20:00:35] $output
INFO [2020-05-27 20:00:35] [1] TRUE
INFO [2020-05-27 20:00:35] 
INFO [2020-05-27 20:00:35] $imagetype
INFO [2020-05-27 20:00:35] [1] "png"
INFO [2020-05-27 20:00:35] 
INFO [2020-05-27 20:00:35] $height
INFO [2020-05-27 20:00:35] [1] 480
INFO [2020-05-27 20:00:35] 
INFO [2020-05-27 20:00:35] $width
INFO [2020-05-27 20:00:35] [1] 480
INFO [2020-05-27 20:00:35] 
INFO [2020-05-27 20:00:35] $resolution
INFO [2020-05-27 20:00:35] [1] 300
INFO [2020-05-27 20:00:35] 
INFO [2020-05-27 20:00:35] $compression
INFO [2020-05-27 20:00:35] [1] "lzw"
INFO [2020-05-27 20:00:35] 
INFO [2020-05-27 20:00:35] $lwd
INFO [2020-05-27 20:00:35] [1] 1
INFO [2020-05-27 20:00:35] 
INFO [2020-05-27 20:00:35] $col
INFO [2020-05-27 20:00:35] c("#440154ff", "#21908dff", "#fde725ff")
INFO [2020-05-27 20:00:35] 
INFO [2020-05-27 20:00:35] $fill
INFO [2020-05-27 20:00:35] c(alpha("#440154ff", 0.3), alpha("#21908dff", 0.3), alpha("#fde725ff", 
INFO [2020-05-27 20:00:35]     0.3))
INFO [2020-05-27 20:00:35] 
INFO [2020-05-27 20:00:35] $cex
INFO [2020-05-27 20:00:35] [1] 0.5
INFO [2020-05-27 20:00:35] 
INFO [2020-05-27 20:00:35] $fontfamily
INFO [2020-05-27 20:00:35] [1] "sans"
INFO [2020-05-27 20:00:35] 
INFO [2020-05-27 20:00:35] $cat.cex
INFO [2020-05-27 20:00:35] [1] 0.3
INFO [2020-05-27 20:00:35] 
INFO [2020-05-27 20:00:35] $cat.default.pos
INFO [2020-05-27 20:00:35] [1] "outer"
INFO [2020-05-27 20:00:35] 
INFO [2020-05-27 20:00:35] $cat.pos
INFO [2020-05-27 20:00:35] c(-27, 27, 135)
INFO [2020-05-27 20:00:35] 
INFO [2020-05-27 20:00:35] $cat.dist
INFO [2020-05-27 20:00:35] c(0.055, 0.055, 0.085)
INFO [2020-05-27 20:00:35] 
INFO [2020-05-27 20:00:35] $cat.fontfamily
INFO [2020-05-27 20:00:35] [1] "sans"
INFO [2020-05-27 20:00:35] 
INFO [2020-05-27 20:00:35] $cat.col
INFO [2020-05-27 20:00:35] c("#440154ff", "#21908dff", "#fde725ff")
INFO [2020-05-27 20:00:35] 
INFO [2020-05-27 20:00:35] $rotation
INFO [2020-05-27 20:00:35] [1] 1
INFO [2020-05-27 20:00:35] 
